	#Gi	CloneName	Stdn	Chrom	Phase	CloneState	GCenter	Accession	SeqLen	LibAbbr
2118	24080700	RP11-89A1	Y	11	3	fin	WIBR	AC007640.13	171722	RP11
2146	22475311	RP11-442E11	Y	11	3	fin	UOKNOR	AC007707.14	188963	RP11
3049	6272468	RP11-579H17	Y	11	3	fin		AC009294.8	211316	RP11
3123	11321807	RP11-87N22	Y	11	3	fin	WIBR	AC009466.17	193279	RP11
3126	9454623	RP11-125K7	Y	11	3	fin	WUGSC	AC009470.4	162511	RP11
3176	16946028	RP11-359E10	Y	11	3	fin	WIBR	AC009549.6	180442	RP11
3194	18376912	RP11-47K5	Y	11	3	fin	WIBR	AC009638.9	157610	RP11
3195	18425297	RP11-111A24	Y	11	3	fin	WIBR	AC009643.8	183169	RP11
3197	19352311	RP11-428C19	Y	11	3	fin	WIBR	AC009652.14	200823	RP11
3199	22477086	RP11-219O3	Y	11	3	fin	WIBR	AC009656.11	104422	RP11
3200	22475045	RP11-362G8	Y	11	3	fin	WIBR	AC009659.5	175372	RP11
3232	18201851	RP11-101E4	Y	11	3	fin	WIBR	AC009758.8	141485	RP11
3248	13324838	RP11-211E17	Y	11	3	fin	WIBR	AC009796.6	192239	RP11
3253	21591863	RP11-51B23	Y	11	3	fin	WIBR	AC009806.9	175223	RP11
3262	16356899	RP11-61E7	Y	11	3	fin	WIBR	AC009866.6	177564	RP11
3263	15412483	RP11-222N13	Y	11	3	fin	WIBR	AC009869.7	192696	RP11
3659	13096043	RP11-61J24	Y	11	3	fin	UWMSC	AC010583.5	184569	RP11
3759	18201852	RP11-58K22	Y	11	3	fin	WIBR	AC010768.10	192391	RP11
3767	22038655	RP11-3E17	Y	11	3	fin	WIBR	AC010811.20	149205	RP11
3812	17488673	RP11-54I6	Y	11	3	fin	WIBR	AC010930.9	148313	RP11
3853	27802045	RP11-21L19	Y	11	3	fin	WIBR	AC011084.17	183854	RP11
3855	7960348	RP11-292E14	Y	11	3	fin	WIBR	AC011088.8	164991	RP11
4161	21427891	RP11-15D18	Y	11	3	fin	WIBR	AC011647.9	143897	RP11
4165	18093027	RP11-145B21	Y	11	3	fin	WIBR	AC011669.10	190023	RP11
4171	18855099	RP11-309J20	Y	11	3	fin	WIBR	AC011711.8	149542	RP11
4242	18376919	RP11-16F15	Y	11	3	fin	WIBR	AC011979.7	154995	RP11
4334	26225149	RP11-439A13	Y	11	3	fin	WIBR	AC012228.10	5347	RP11
4626	18377199	RP11-407P18	Y	11	3	fin	WIBR	AC013488.9	151304	RP11
4635	22038632	RP11-47J17	Y	11	3	fin	WIBR	AC013549.9	163180	RP11
4644	27552585	RP11-8L12	Y	11	3	fin	WIBR	AC013595.11	92999	RP11
4680	23266357	RP11-19N21	Y	11	3	fin	WIBR	AC013791.9	174569	RP11
4706	28191608	RP11-45C5	Y	11	3	fin	WIBR	AC015600.8	154158	RP11
4717	18129440	RP11-2C23	Y	11	3	fin	WIBR	AC015684.11	183939	RP11
4720	22004236	RP11-23F23	Y	11	3	fin	WIBR	AC015689.12	182522	RP11
4722	18104849	RP11-168C2	Y	11	3	fin	WIBR	AC015700.8	177984	RP11
4750	19849386	RP11-108G3	Y	11	3	fin	WIBR	AC015820.10	165149	RP11
4869	18698814	RP11-361K15	Y	11	3	fin	WIBR	AC016450.10	187449	RP11
5049	29150506	RP11-5E23	Y	11	3	fin	WIBR	AC016845.14	167727	RP11
5052	18702409	RP11-15I16	Y	11	3	fin	WIBR	AC016870.8	108922	RP11
5063	11038566	RP11-217B19	Y	11	3	fin	WUGSC	AC016902.4	184841	RP11
5185	24850147	RP11-17G12	Y	11	3	fin	WIBR	AC018410.24	147024	RP11
5234	21637518	RP11-5O5	Y	11	3	fin	WIBR	AC018531.9	165968	RP11
5298	9665213	RP11-563P16	Y	11	3	fin	WUGSC	AC018694.4	196832	RP11
5312	8570095	RP11-430H10	Y	11	3	fin	WUGSC	AC018716.4	179726	RP11
5345	29725862	RP11-437G21	Y	11	3	fin	WIBR	AC018793.12	202956	RP11
5346	17488703	RP11-699C18	Y	11	3	fin	WIBR	AC018795.10	187836	RP11
5361	9828639	RP11-339D19	Y	11	3	fin	Beijing	AC018825.3	641	RP11
5387	9454647	RP11-575J11	Y	11	3	fin	WUGSC	AC018897.4	164472	RP11
5407	13560990	RP11-307P14	Y	11	3	fin	WIBR	AC018951.8	194547	RP11
5511	9755498	RP11-567O18	Y	11	3	fin	WUGSC	AC019227.4	190314	RP11
5540	9795680	RP11-172C16	Y	11	3	fin	WUGSC	AC020549.4	146841	RP11
5604	13176703	RP11-449G13	Y	11	3	fin	WUGSC	AC020716.3	171805	RP11
5700	19033938	RP11-124G5	Y	11	3	fin	WIBR	AC021006.7	183772	RP11
5775	17488678	RP11-215H22	Y	11	3	fin	WIBR	AC021233.9	159641	RP11
5800	22507249	RP11-38L8	Y	11	3	fin	WIBR	AC021424.6	181025	RP11
5801	17386448	RP11-399N15	Y	11	3	fin	WIBR	AC021427.10	174147	RP11
5804	28301977	RP11-692M12	Y	11	3	fin	WIBR	AC021443.27	220283	RP11
5810	18450156	RP11-77F24	Y	11	3	fin	WIBR	AC021488.5	138522	RP11
5830	24635989	RP11-411D10	Y	11	3	fin	WIBR	AC021573.10	144656	RP11
5857	21307386	RP11-430L3	Y	11	3	fin	WIBR	AC021698.12	201673	RP11
5858	13399395	RP11-277B22	Y	11	3	fin	WIBR	AC021699.5	163386	RP11
5861	19071672	RP11-313M3	Y	11	3	fin	WIBR	AC021723.11	166447	RP11
5867	21427862	RP11-810F22	Y	11	3	fin	WIBR	AC021749.6	193997	RP11
5873	19570169	RP11-361M6	Y	11	3	fin	WIBR	AC021761.8	182789	RP11
5883	16974251	RP11-220C23	Y	11	3	fin	WIBR	AC021824.7	160869	RP11
5885	17647005	RP11-436H16	Y	11	3	fin	WIBR	AC021829.8	163497	RP11
5903	16304268	RP11-68C8	Y	11	3	fin	WIBR	AC021914.7	156507	RP11
5908	13176402	RP11-447I3	Y	11	3	fin	WIBR	AC021956.8	197864	RP11
5911	9837923	RP11-116N3	Y	11	3	fin	Beijing	AC021998.4	142446	RP11
5916	10765023	RP11-91E22	Y	11	3	fin	Beijing	AC022014.3	161192	RP11
6012	11024948	RP11-588M21	Y	11	3	fin	WUGSC	AC022209.4	177314	RP11
6022	18855098	RP11-231N3	Y	11	3	fin	WIBR	AC022240.10	61851	RP11
6023	15291019	RP11-35P21	Y	11	3	fin	WIBR	AC022253.6	161629	RP11
6042	9964949	RP11-46D24	Y	11	3	fin	SDSTDC	AC022316.18	180973	RP11
6187	21427860	RP11-290F24	Y	11	3	fin	WIBR	AC022762.8	186604	RP11
6192	13899439	RP11-277K23	Y	11	3	fin	WIBR	AC022796.5	115454	RP11
6216	18087692	RP11-413N13	Y	11	3	fin	WIBR	AC022878.8	179652	RP11
6219	13376948	RP11-444K7	Y	11	3	fin	WIBR	AC022882.5	174469	RP11
6238	21307415	RP11-735P2	Y	11	3	fin	WIBR	AC022994.9	167760	RP11
6248	20198710	RP11-583F24	Y	11	3	fin	WIBR	AC023078.9	163718	RP11
6249	20522209	RP11-397M16	Y	11	3	fin	WIBR	AC023080.6	175832	RP11
6250	21637519	RP11-513I7	Y	11	3	fin	WIBR	AC023085.7	175063	RP11
6260	11597140	RP11-277L22	Y	11	3	fin	WUGSC	AC023118.4	154330	RP11
6289	15028569	RP11-797J4	Y	11	3	fin	WIBR	AC023206.6	208561	RP11
6290	21637520	RP11-793I11	Y	11	3	fin	WIBR	AC023232.16	188868	RP11
6336	19852155	RP11-375D13	Y	11	3	fin	WIBR	AC023442.17	177644	RP11
6414	21307407	RP11-48J22	Y	11	3	fin	WIBR	AC023850.10	165031	RP11
6417	14029067	RP11-436B24	Y	11	3	fin	WIBR	AC023869.5	181765	RP11
6435	21206409	RP11-567I13	Y	11	3	fin	WIBR	AC023946.5	187380	RP11
6438	17149768	RP11-808N1	Y	11	3	fin	WIBR	AC023950.6	211464	RP11
6518	30023886	RP11-425L10	Y	11	3	fin	WIBR	AC024293.18	70106	RP11
6519	17149765	RP11-108L12	Y	11	3	fin	WIBR	AC024295.7	157094	RP11
6525	14190739	RP11-336F14	Y	11	3	fin	WIBR	AC024341.9	165260	RP11
6530	15148297	RP11-574M7	Y	11	3	fin	WIBR	AC024405.6	174118	RP11
6531	21637522	RP11-697N18	Y	11	3	fin	WIBR	AC024451.8	159791	RP11
6533	24080701	RP11-702F3	Y	11	3	fin	WIBR	AC024475.15	191960	RP11
6618	22655816	RP11-302E22	Y	11	3	fin	WIBR	AC025016.8	155661	RP11
6635	17149770	RP11-132I17	Y	11	3	fin	WIBR	AC025069.9	159986	RP11
6639	17647006	RP11-734D5	Y	11	3	fin	WIBR	AC025106.8	190779	RP11
6712	17386445	RP11-573E11	Y	11	3	fin	WIBR	AC025300.10	173709	RP11
6801	15426064	RP11-417O17	Y	11	3	fin	WIBR	AC025623.8	151329	RP11
6836	18699972	RP11-227P3	Y	11	3	fin	WIBR	AC025787.9	168793	RP11
6873	14333956	RP11-6K5	Y	11	3	fin	WIBR	AC025972.6	165962	RP11
6903	10765018	RP11-156E23	Y	11	3	fin	Beijing	AC026168.3	180508	RP11
6917	10765021	RP11-546N8	Y	11	3	fin	Beijing	AC026201.3	202218	RP11
6935	22758422	RP11-540A21	Y	11	3	fin	WIBR	AC026250.16	160681	RP11
6939	29294162	RP11-745E9	Y	11	3	fin	WIBR	AC026269.26	173145	RP11
7070	16506908	RP11-4B7	Y	11	3	fin	WIBR	AC026639.6	174711	RP11
7170	18104886	RP11-261E12	Y	11	3	fin	WIBR	AC026843.9	166287	RP11
7171	13899443	RP11-302O8	Y	11	3	fin	WIBR	AC026844.4	26780	RP11
7188	21321866	RP11-472K20	Y	11	3	fin	WIBR	AC026970.7	132987	RP11
7189	20986631	RP11-709C9	Y	11	3	fin	WIBR	AC026975.5	200105	RP11
7196	14579806	RP11-439M19	Y	11	3	fin	WIBR	AC027016.4	165843	RP11
7200	27413196	RP11-589F4	Y	11	3	fin	WIBR	AC027026.11	155376	RP11
7223	17488712	RP11-64I17	Y	11	3	fin	WIBR	AC027157.7	158529	RP11
7233	14249091	RP11-528L6	Y	11	3	fin	WIBR	AC027239.5	196857	RP11
7303	21956628	RP11-613F22	Y	11	3	fin	WIBR	AC027544.11	196410	RP11
7340	18182811	RP11-98J9	Y	11	3	fin	WIBR	AC027779.10	149059	RP11
7344	16118210	RP11-324J3	Y	11	3	fin	WIBR	AC027804.7	172272	RP11
7345	16931027	RP11-328C11	Y	11	3	fin	WIBR	AC027806.8	176872	RP11
7420	22267673	RP11-138N3	Y	11	3	fin	WIBR	AC034259.7	206192	RP11
7439	19310319	RP11-283H3	Y	11	3	fin	WIBR	AC036114.7	159851	RP11
7498	21307462	RP11-372B5	Y	11	3	fin	WIBR	AC040968.6	176988	RP11
7512	14573664	RP11-141J21	Y	11	3	fin	UWMSC	AC044790.4	170114	RP11
7519	18266660	RP11-494M8	Y	11	3	fin	WIBR	AC044810.7	194297	RP11
7574	31745254	RP11-534I22	Y	11	3	fin	WIBR	AC051649.21	188519	RP11
7630	22382036	RP11-682B13	Y	11	3	fin	WIBR	AC055845.15	155304	RP11
7634	17985932	RP11-195O23	Y	11	3	fin	WIBR	AC055860.13	160494	RP11
7642	17488744	RP11-34N19	Y	11	3	fin	WIBR	AC055878.5	183763	RP11
7665	17530780	RP11-89D4	Y	11	3	fin	WIBR	AC060799.6	152164	RP11
7667	28460957	RP11-120E20	Y	11	3	fin	WIBR	AC060812.15	184106	RP11
7680	26190539	RP11-532E4	Y	11	3	fin	WIBR	AC061979.17	124104	RP11
7682	20336176	RP11-324K6	Y	11	3	fin	WIBR	AC061997.12	106216	RP11
7683	21427849	RP11-545D22	Y	11	3	fin	WIBR	AC061999.6	182549	RP11
7816	17432902	RP11-558L11	Y	11	3	fin	WIBR	AC067794.5	190489	RP11
7820	20334685	RP11-738J16	Y	11	3	fin	WIBR	AC067807.10	166312	RP11
7839	16974265	RP11-72C9	Y	11	3	fin	WIBR	AC067902.6	189071	RP11
7842	18093033	RP11-741H19	Y	11	3	fin	WIBR	AC067922.7	42868	RP11
7869	26080543	RP11-682M10	Y	11	3	fin	WIBR	AC067990.12	92815	RP11
7891	18087695	RP11-807F21	Y	11	3	fin	WIBR	AC068107.6	177969	RP11
7907	18640687	RP11-330I10	Y	11	3	fin	WIBR	AC068185.9	174189	RP11
7913	27802048	RP11-472I20	Y	11	3	fin	WIBR	AC068205.25	205069	RP11
7949	15412466	RP11-82N10	Y	11	3	fin	WIBR	AC068329.8	185347	RP11
7951	17488648	RP11-328E22	Y	11	3	fin	WIBR	AC068339.6	155491	RP11
7955	15281286	RP11-618K13	Y	11	3	fin	WIBR	AC068385.9	171115	RP11
7962	19849357	RP11-71F16	Y	11	3	fin	WIBR	AC068405.5	154774	RP11
7970	17647020	RP11-582N4	Y	11	3	fin	WIBR	AC068457.5	172516	RP11
7973	14547887	RP11-713P14	Y	11	3	fin	WIBR	AC068472.5	183659	RP11
8006	27884980	RP11-295K3	Y	11	3	fin	WIBR	AC068580.23	120298	RP11
8062	19703148	RP11-304C12	Y	11	3	fin	WIBR	AC068733.12	191656	RP11
8098	23379153	RP11-255G5	Y	11	3	fin	WIBR	AC068858.10	113958	RP11
8099	18093036	RP11-371I20	Y	11	3	fin	WIBR	AC068860.9	110019	RP11
8171	21930269	RP11-995N21	Y	11	3	fin	WIBR	AC069175.8	225957	RP11
8222	21913550	RP11-304M2	Y	11	3	fin	WUGSC	AC069287.7	199487	RP11
8297	20270093	RP11-321E15	Y	11	3	fin		AC069539.5	181471	RP11
8309	18001645	RP11-771G24	Y	11	3	fin	WIBR	AC069575.8	173498	RP11
8395	16118195	RP11-531H8	Y	11	3	fin	WIBR	AC073172.5	168080	RP11
8493	20564428	RP11-500D4	Y	11	3	fin		AC073372.9	180504	RP11
8756	11181856	RP11-502G22	Y	11	3	fin	WUGSC	AC074191.3	179357	RP11
8961	17998610	RP11-485O14	Y	11	3	fin	WIBR	AC079064.6	164009	RP11
8966	21427769	RP11-72A10	Y	11	3	fin	WIBR	AC079073.7	173119	RP11
9054	28261647	RP11-467K18	Y	11	3	fin	WIBR	AC079296.5	194686	RP11
9072	22711815	RP11-233I10	Y	11	3	fin	WIBR	AC079326.8	180353	RP11
9075	20128016	RP11-265D17	Y	11	3	fin	WIBR	AC079329.15	156540	RP11
9092	14277180	RP11-184J19	Y	11	3	fin	BCM	AC079361.17	177714	RP11
9267	20377008	RP11-479C24	Y	11	3	fin	WIBR	AC079914.8	91995	RP11
9269	20087233	RP11-55I22	Y	11	3	fin	WIBR	AC079917.6	140542	RP11
9314	21104962	RP11-351I24	Y	11	3	fin	WIBR	AC080023.6	189886	RP11
9341	18201843	RP11-454H19	Y	11	3	fin	WIBR	AC080100.7	149466	RP11
9342	19339075	RP11-62J13	Y	11	3	fin	WIBR	AC080106.6	157637	RP11
9365	17530754	RP11-175E18	Y	11	3	fin	WIBR	AC083755.10	161755	RP11
9442	30911143	RP11-401C19	Y	11	3	fin	WIBR	AC083984.7	117149	RP11
9469	22165345	RP11-107C21	Y	11	3	fin	WIBR	AC084117.6	166973	RP11
9609	18072179	RP11-640J11	Y	11	3	fin	WIBR	AC087174.4	187218	RP11
9615	24580472	RP11-677N16	Y	11	3	fin	WIBR	AC087207.11	136415	RP11
9642	24431902	RP11-484D2	Y	11	3	fin	WIBR	AC087276.13	204109	RP11
9643	20147901	RP11-514F3	Y	11	3	fin	WIBR	AC087277.11	196859	RP11
9644	20486424	RP11-559I10	Y	11	3	fin	WIBR	AC087279.10	184523	RP11
9645	17223193	RP11-560B16	Y	11	3	fin	WIBR	AC087280.11	173611	RP11
9651	17488662	RP11-657D12	Y	11	3	fin	WIBR	AC087293.5	154644	RP11
9687	20270177	RP11-54J7	Y	11	3	fin	WIBR	AC087373.4	200604	RP11
9688	22024583	RP11-230O19	Y	11	3	fin	WIBR	AC087376.5	164441	RP11
9689	18702406	RP11-292L2	Y	11	3	fin	WIBR	AC087377.7	190650	RP11
9690	21431149	RP11-375L11	Y	11	3	fin	WIBR	AC087378.6	166379	RP11
9691	22830400	RP11-396O20	Y	11	3	fin	WIBR	AC087379.4	167699	RP11
9692	19549312	RP11-454O22	Y	11	3	fin	WIBR	AC087380.3	200723	RP11
9711	20279492	RP11-438N5	Y	11	3	fin	WIBR	AC087441.9	151606	RP11
9712	23396338	RP11-495O11	Y	11	3	fin	WIBR	AC087442.13	200269	RP11
9713	23462905	RP11-651M4	Y	11	3	fin	WIBR	AC087446.13	167865	RP11
9714	21886886	RP11-655D7	Y	11	3	fin	WIBR	AC087447.5	113695	RP11
9742	22417440	RP11-613D13	Y	11	3	fin	WIBR	AC087521.10	188967	RP11
9762	17223183	RP11-258C7	Y	11	3	fin	WIBR	AC087616.3	177939	RP11
9802	21630422	RP11-26I24	Y	11	3	fin	WIBR	AC087750.9	49705	RP11
9809	23505632	RP11-350D17	Y	11	3	fin	WIBR	AC087783.10	204001	RP11
9891	21637525	RP11-266A24	Y	11	3	fin	WIBR	AC090092.9	101116	RP11
9898	23396332	RP11-113D6	Y	11	3	fin	WIBR	AC090099.14	172939	RP11
9909	23396342	RP11-460B17	Y	11	3	fin	WIBR	AC090124.6	161935	RP11
9927	26190574	RP11-202M19	Y	11	3	fin	WIBR	AC090156.10	45120	RP11
9928	23462904	RP11-406D1	Y	11	3	fin	WIBR	AC090159.12	173557	RP11
9929	22450685	RP11-413N10	Y	11	3	fin	WIBR	AC090160.6	170008	RP11
9930	22549876	RP11-706A13	Y	11	3	fin	WIBR	AC090163.10	194642	RP11
9933	21629403	RP11-690A7	Y	11	3	fin	WIBR	AC090174.9	52525	RP11
9968	17975295	RP11-348B14	Y	11	3	fin	WIBR	AC090284.6	160146	RP11
9972	15055316	RP11-142C4	Y	11	3	fin	WIBR	AC090309.4	161586	RP11
10029	17530756	RP11-634M17	Y	11	3	fin	WIBR	AC090467.6	208525	RP11
10030	23683058	RP11-734J23	Y	11	3	fin	WIBR	AC090469.9	215308	RP11
10031	22004604	RP11-617E11	Y	11	3	fin	WIBR	AC090470.9	96694	RP11
10063	22002211	RP11-750H9	Y	11	3	fin	WIBR	AC090559.7	202539	RP11
10076	24080742	RP11-125F14	Y	11	3	fin	WIBR	AC090582.9	96560	RP11
10077	22759329	RP11-348A20	Y	11	3	fin	WIBR	AC090587.10	165459	RP11
10078	20279491	RP11-384E5	Y	11	3	fin	WIBR	AC090588.5	152572	RP11
10079	21622769	RP11-390K5	Y	11	3	fin	WIBR	AC090589.9	190017	RP11
10080	17488661	RP11-405K6	Y	11	3	fin	WIBR	AC090592.5	168469	RP11
10081	23396339	RP11-541L7	Y	11	3	fin	WIBR	AC090597.9	160210	RP11
10082	16756295	RP11-674E24	Y	11	3	fin	WIBR	AC090599.4	165287	RP11
10100	21903638	RP11-1114G3	Y	11	3	fin	WIBR	AC090639.6	139604	RP11
10108	22123559	RP11-184J19	Y	11	3	fin	WIBR	AC090662.9	177722	RP11
10128	24496798	RP11-698N11	Y	11	3	fin	WIBR	AC090692.9	179494	RP11
10134	24182397	RP11-701I24	Y	11	3	fin	WIBR	AC090707.16	185029	RP11
10139	18129429	RP11-648B16	Y	11	3	fin	WIBR	AC090719.8	179177	RP11
10140	18201844	RP11-768P16	Y	11	3	fin	WIBR	AC090720.5	199255	RP11
10149	17223210	RP11-660K15	Y	11	3	fin	WIBR	AC090744.5	195434	RP11
10162	15487413	RP11-466I1	Y	11	3	fin	WIBR	AC090791.6	172865	RP11
10166	22038627	RP11-242N18	Y	11	3	fin	WIBR	AC090799.2	155803	RP11
10168	23334824	RP11-258P13	Y	11	3	fin	WIBR	AC090804.8	45348	RP11
10189	22024584	RP11-7O20	Y	11	3	fin	WIBR	AC090835.7	167437	RP11
10193	17975297	RP11-780O24	Y	11	3	fin	WIBR	AC090848.4	169559	RP11
10194	19849365	RP11-670N15	Y	11	3	fin	WIBR	AC090857.8	180120	RP11
10195	21206314	RP11-676E14	Y	11	3	fin	WIBR	AC090858.6	168906	RP11
10204	17488660	RP11-390G21	Y	11	3	fin	WIBR	AC090893.5	191524	RP11
10232	27573493	RP11-113A6	Y	11	3	fin	WIBR	AC091012.8	145042	RP11
10233	22002203	RP11-379P15	Y	11	3	fin	WIBR	AC091013.7	223741	RP11
10248	22038621	RP11-423H12	Y	11	3	fin	WIBR	AC091051.6	177363	RP11
10249	23343872	RP11-152H18	Y	11	3	fin	WIBR	AC091053.11	160740	RP11
10262	18642752	RP11-65C9	Y	11	3	fin	WIBR	AC091097.8	162515	RP11
10280	18497173	RP11-884J20	Y	11	3	fin	WIBR	AC091146.8	138053	RP11
10314	27597026	RP11-371C18	Y	11	3	fin	WIBR	AC091196.6	132211	RP11
10365	22657585	RP11-732A19	Y	11	3	fin	WIBR	AC091564.12	211735	RP11
10387	17426315	RP11-808H14	Y	11	3	fin	WIBR	AC091644.7	183187	RP11
11031	22038623	RP11-193F22	Y	11	3	fin	WIBR	AC092733.18	195538	RP11
11043	18182777	RP11-1149L18	Y	11	3	fin	WIBR	AC092768.6	146364	RP11
12064	15799616	RP11-650O21	Y	11	3	fin	WIBR	AC096857.1	31549	RP11
12565	19703196	RP11-48F13	Y	11	3	fin	WIBR	AC099730.2	169549	RP11
12606	21389290	RP11-747E23	Y	11	3	fin	WIBR	AC099842.2	159274	RP11
12619	19852137	RP11-748C4	Y	11	3	fin	WIBR	AC100763.2	172963	RP11
12621	19697488	RP11-787P24	Y	11	3	fin	WIBR	AC100767.2	170435	RP11
12622	20279498	RP11-945A11	Y	11	3	fin	WIBR	AC100768.2	190183	RP11
12623	19033606	RP11-701P23	Y	11	3	fin	WIBR	AC100769.2	171700	RP11
12624	19352309	RP11-46P12	Y	11	3	fin	WIBR	AC100770.2	165585	RP11
12625	20503111	RP11-159H22	Y	11	3	fin	WIBR	AC100771.2	177819	RP11
12626	19849366	RP11-960D24	Y	11	3	fin	WIBR	AC100773.2	199549	RP11
12695	28173126	RP11-449L13	Y	11	3	fin	WIBR	AC100865.5	202683	RP11
12701	21281559	RP11-715M10	Y	11	3	fin	WIBR	AC100875.3	195097	RP11
12762	29126431	RP11-703E9	Y	11	3	fin	WIBR	AC103736.5	147226	RP11
12790	22857755	RP11-1033A18	Y	11	3	fin	WIBR	AC103796.3	211799	RP11
12791	19551150	RP11-159D8	Y	11	3	fin	WIBR	AC103798.2	163680	RP11
12792	22038636	RP11-765I16	Y	11	3	fin	WIBR	AC103801.2	174545	RP11
12818	22165191	RP11-104M24	Y	11	3	fin	WIBR	AC103854.2	152529	RP11
12819	22450666	RP11-958J22	Y	11	3	fin	WIBR	AC103855.3	183720	RP11
12823	20340509	RP11-702L21	Y	11	3	fin	WIBR	AC103870.3	182598	RP11
12825	19698710	RP11-768H8	Y	11	3	fin	WIBR	AC103873.2	184860	RP11
12857	20531887	RP11-1081L13	Y	11	3	fin	WIBR	AC103974.6	189230	RP11
12871	23196431	RP11-204B15	Y	11	3	fin	WIBR	AC104009.7	146515	RP11
12872	32306602	RP11-244C20	Y	11	3	fin	WIBR	AC104010.21	63480	RP11
12875	21955079	RP11-343J8	Y	11	3	fin	WIBR	AC104016.8	178534	RP11
12882	26190567	RP11-483L5	Y	11	3	fin	WIBR	AC104031.6	212779	RP11
12887	26291952	RP11-746C23	Y	11	3	fin	WIBR	AC104038.9	187648	RP11
12989	20258538	RP11-12N12	Y	11	3	fin	WIBR	AC104235.3	162139	RP11
12991	20128277	RP11-35J10	Y	11	3	fin	WIBR	AC104237.2	164732	RP11
12992	24137571	RP11-45A12	Y	11	3	fin	WIBR	AC104241.7	147821	RP11
12997	22038639	RP11-1084A14	Y	11	3	fin	WIBR	AC104249.7	171265	RP11
13033	26080569	RP11-691A5	Y	11	3	fin	WIBR	AC104360.8	170211	RP11
13034	22296719	RP11-950A3	Y	11	3	fin	WIBR	AC104361.3	145172	RP11
13035	26449136	RP11-1023E15	Y	11	3	fin	WIBR	AC104362.15	184077	RP11
13126	26190568	RP11-587D21	Y	11	3	fin	WIBR	AC104563.14	141200	RP11
13130	19683328	RP11-148I19	Y	11	3	fin	WIBR	AC104570.3	172683	RP11
13290	22450665	RP11-76I23	Y	11	3	fin	WIBR	AC104942.5	159766	RP11
13294	20377038	RP11-1029L14	Y	11	3	fin	WIBR	AC104947.3	186823	RP11
13304	18464186	RP11-244O16	Y	11	3	fin	WIBR	AC104978.2	154105	RP11
13373	21637505	RP11-124M12	Y	11	3	fin	WIBR	AC105179.6	171683	RP11
13378	18483535	RP11-116O9	Y	11	3	fin	WIBR	AC105190.2	152837	RP11
13455	23462907	RP11-321F11	Y	11	3	fin	WIBR	AC105357.7	167772	RP11
13533	21637506	RP11-636L13	Y	11	3	fin	WIBR	AC105908.5	176485	RP11
13891	20340512	RP11-379A20	Y	11	3	fin	WIBR	AC107925.5	170801	RP11
13893	19683402	RP11-412L22	Y	11	3	fin	WIBR	AC107928.3	160764	RP11
13898	19849381	RP11-48O9	Y	11	3	fin	WIBR	AC107939.5	145264	RP11
13903	21909529	RP11-81D23	Y	11	3	fin	WIBR	AC107948.7	156839	RP11
13907	26291844	RP11-452G18	Y	11	3	fin	WIBR	AC107956.8	188571	RP11
14239	19033625	RP11-352L10	Y	11	3	fin	WIBR	AC108922.2	147862	RP11
14263	29469607	RP11-11A9	Y	11	3	fin	WIBR	AC109309.5	119560	RP11
14368	22773373	RP11-347H15	Y	11	3	fin	WIBR	AC109635.6	167920	RP11
14458	19849382	RP11-350A7	Y	11	3	fin	WIBR	AC110283.4	162170	RP11
14594	21536090	RP11-75L18	Y	11	3	fin	WIBR	AC111162.5	119944	RP11
14595	20486435	RP11-959A20	Y	11	3	fin	WIBR	AC111163.6	71871	RP11
14600	26190560	RP11-451K18	Y	11	3	fin	WIBR	AC111177.15	165682	RP11
14603	24371478	RP11-179A10	Y	11	3	fin	WIBR	AC111188.8	146308	RP11
14746	26050975	RP11-504G3	Y	11	3	fin	WIBR	AC112694.12	77162	RP11
14832	21930258	RP11-646J21	Y	11	3	fin	WIBR	AC113192.3	148308	RP11
14833	22296723	RP11-1026G19	Y	11	3	fin	WIBR	AC113193.6	182208	RP11
15138	22213363	RP11-792G9	Y	11	3	fin	WIBR	AC115088.6	200274	RP11
15197	28195912	RP11-139M16	Y	11	3	fin	WIBR	AC116010.5	179452	RP11
15198	20334669	RP11-25D20	Y	11	3	fin	WIBR	AC116013.3	149045	RP11
15199	26190561	RP11-356D19	Y	11	3	fin	WIBR	AC116015.16	180634	RP11
15214	20522208	RP11-44D14	Y	11	3	fin	WIBR	AC116156.3	176597	RP11
15277	24580459	RP11-236J17	Y	11	3	fin	WIBR	AC116456.12	146502	RP11
15280	23499586	RP11-466H18	Y	11	3	fin	WIBR	AC116533.11	189143	RP11
15281	27413210	RP11-265F24	Y	11	3	fin	WIBR	AC116534.7	186744	RP11
15282	27502496	RP11-685M7	Y	11	3	fin	WIBR	AC116535.9	192490	RP11
15341	22748479	RP11-280E5	Y	11	3	fin	WIBR	AC116901.7	164179	RP11
15506	21622809	RP11-159C12	Y	11	3	fin	WIBR	AC117746.6	157527	RP11
15514	21240739	RP11-258H15	Y	11	3	fin	WIBR	AC118002.2	160686	RP11
15529	22759265	RP11-107P7	Y	11	3	fin	WIBR	AC118273.4	187529	RP11
15576	27413206	RP11-313H5	Y	11	3	fin	WIBR	AC118656.4	155143	RP11
15585	27413205	RP11-15P23	Y	11	3	fin	WIBR	AC118942.4	161527	RP11
15847	24371449	RP11-21N2	Y	11	3	fin	WIBR	AC124259.6	99973	RP11
15855	22549794	RP11-358H18	Y	11	3	fin	WIBR	AC124301.6	145713	RP11
15866	23308082	RP11-100H14	Y	11	3	fin	WIBR	AC124653.5	151313	RP11
15867	22296946	RP11-624D11	Y	11	3	fin	WIBR	AC124657.5	155985	RP11
15868	23396308	RP11-655D12	Y	11	3	fin	WIBR	AC124658.5	163126	RP11
16016	22657536	RP11-358H20	Y	11	3	fin	WIBR	AC126324.3	71332	RP11
16022	28850123	RP11-100E23	Y	11	3	fin	WIBR	AC126345.11	155913	RP11
16080	26190556	RP11-237K1	Y	11	3	fin	WIBR	AC127033.11	136544	RP11
16120	22549808	RP11-463K8	Y	11	3	fin	WIBR	AC127495.2	178648	RP11
16217	27414256	RP11-1095K7	Y	11	3	fin	WIBR	AC129501.3	179540	RP11
16218	26190554	RP11-1110F20	Y	11	3	fin	WIBR	AC129502.10	97538	RP11
16219	25706333	RP11-1205H24	Y	11	3	fin	WIBR	AC129505.8	117817	RP11
16265	24211317	RP11-15D10	Y	11	3	fin	WIBR	AC130307.3	159817	RP11
16266	27902328	RP11-269A12	Y	11	3	fin	WIBR	AC130310.17	155537	RP11
16267	23592158	RP11-97G1	Y	11	3	fin	WIBR	AC130312.3	161367	RP11
16278	23683265	RP11-707M1	Y	11	3	fin	WIBR	AC130364.5	173032	RP11
16390	24635991	RP11-348A11	Y	11	3	fin	WIBR	AC131263.6	179568	RP11
16395	23592157	RP11-957I23	Y	11	3	fin	WIBR	AC131288.3	74550	RP11
16406	23343800	RP11-151O13	Y	11	3	fin	WIBR	AC131571.4	179812	RP11
16407	23499569	RP11-496I9	Y	11	3	fin	WIBR	AC131572.4	162145	RP11
16408	24819853	RP11-957H15	Y	11	3	fin	WIBR	AC131574.4	166214	RP11
16416	27777606	RP11-754B17	Y	11	3	fin	WIBR	AC131934.13	154813	RP11
16417	26190550	RP11-756D7	Y	11	3	fin	WIBR	AC131935.7	184254	RP11
16453	28460836	RP11-889I17	Y	11	3	fin	WIBR	AC132217.15	170027	RP11
16646	25167189	RP11-57A24	Y	11	3	fin	WIBR	AC134982.5	209832	RP11
16725	27753755	RP11-61N20	Y	11	3	fin	WIBR	AC135977.5	152868	RP11
16745	28570413	RP11-242C5	Y	11	3	fin	WIBR	AC136309.9	150642	RP11
16765	32469539	RP11-326C3	Y	11	3	fin	WIBR	AC136475.7	143779	RP11
16790	27777598	RP11-114J20	Y	11	3	fin	WIBR	AC136759.4	152269	RP11
16961	27901879	RP11-242O20	Y	11	3	fin	WIBR	AC138697.2	149516	RP11
17049	29469592	RP11-1118C1	Y	11	3	fin	WIBR	AC139145.3	31031	RP11
23779	12007433	RP11-610I20	Y	11	3	fin		AF321237.1	111126	RP11
32877	29421159	RP11-665E10	Y	11	3	fin	RIKEN	AP000676.6	161280	RP11
32885	13094220	RP11-757C15	Y	11	3	fin	RIKEN	AP000719.4	196424	RP11
32886	14189775	RP11-796A5	Y	11	3	fin	RIKEN	AP000720.4	147357	RP11
32888	31790697	RP11-675M1	Y	11	3	fin	RIKEN	AP000722.5	177882	RP11
32890	22415810	RP11-699D4	Y	11	3	fin	RIKEN	AP000729.4	160535	RP11
32893	14245753	RP11-691P24	Y	11	3	fin	RIKEN	AP000744.4	126000	RP11
32896	13429919	RP11-679A11	Y	11	3	fin	RIKEN	AP000751.4	176713	RP11
32897	14861098	RP11-689N19	Y	11	3	fin	RIKEN	AP000752.4	194140	RP11
32898	21728110	RP11-697H9	Y	11	3	fin	RIKEN	AP000753.4	184057	RP11
32899	14189745	RP11-716H6	Y	11	3	fin	RIKEN	AP000755.4	152306	RP11
32900	28189524	RP11-720D4	Y	11	3	fin	RIKEN	AP000756.6	170977	RP11
32901	13094221	RP11-728F11	Y	11	3	fin	RIKEN	AP000757.4	184926	RP11
32902	28189505	RP11-775A2	Y	11	3	fin	RIKEN	AP000758.5	163025	RP11
32903	19879808	RP11-755F10	Y	11	3	fin	RIKEN	AP000759.5	78095	RP11
32904	31790700	RP11-779L16	Y	11	3	fin	RIKEN	AP000760.5	177490	RP11
32905	31790701	RP11-809N8	Y	11	3	fin	RIKEN	AP000763.5	189920	RP11
32906	31790702	RP11-811N23	Y	11	3	fin	RIKEN	AP000764.5	216203	RP11
32907	14861099	RP11-816P15	Y	11	3	fin	RIKEN	AP000765.5	73916	RP11
32908	21728133	RP11-819C21	Y	11	3	fin	RIKEN	AP000766.4	118489	RP11
32909	14517570	RP11-878E11	Y	11	3	fin	RIKEN	AP000767.4	190524	RP11
32913	15320458	RP11-708B6	Y	11	3	fin	RIKEN	AP000775.4	189955	RP11
32914	31745087	RP11-748H22	Y	11	3	fin	RIKEN	AP000776.5	191270	RP11
32915	28189489	RP11-804A23	Y	11	3	fin	RIKEN	AP000777.4	197856	RP11
32916	14245762	RP11-822I2	Y	11	3	fin	RIKEN	AP000779.4	196606	RP11
32917	28189525	RP11-872D17	Y	11	3	fin	RIKEN	AP000781.6	190251	RP11
32919	14245754	RP11-619A14	Y	11	3	fin	RIKEN	AP000785.4	126000	RP11
32920	14861101	RP11-685N10	Y	11	3	fin	RIKEN	AP000786.4	75440	RP11
32921	32306467	RP11-712B9	Y	11	3	fin	RIKEN	AP000787.5	173441	RP11
32922	31790703	RP11-725K16	Y	11	3	fin	RIKEN	AP000789.5	195874	RP11
32923	14517571	RP11-736I10	Y	11	3	fin	RIKEN	AP000790.4	176944	RP11
32924	13094230	RP11-812L3	Y	11	3	fin	RIKEN	AP000793.5	169152	RP11
32925	28189507	RP11-876F8	Y	11	3	fin	RIKEN	AP000795.5	76999	RP11
32929	31790704	RP11-629G13	Y	11	3	fin	RIKEN	AP000802.5	183165	RP11
32930	15637080	RP11-698L23	Y	11	3	fin	RIKEN	AP000805.4	180996	RP11
32931	15320459	RP11-713C6	Y	11	3	fin	RIKEN	AP000806.4	120480	RP11
32932	21327917	RP11-715N9	Y	11	3	fin	RIKEN	AP000807.4	204439	RP11
32933	28189527	RP11-757G1	Y	11	3	fin	RIKEN	AP000808.6	175883	RP11
32934	14189777	RP11-777F6	Y	11	3	fin	RIKEN	AP000811.4	176953	RP11
32935	19263019	RP11-807H22	Y	11	3	fin	RIKEN	AP000812.4	120528	RP11
32936	14517572	RP11-822P4	Y	11	3	fin	RIKEN	AP000813.4	210816	RP11
32939	14625379	RP11-644L4	Y	11	3	fin	RIKEN	AP000820.4	159644	RP11
32940	31790705	RP11-673E11	Y	11	3	fin	RIKEN	AP000821.5	180821	RP11
32941	31790637	RP11-675B4	Y	11	3	fin	RIKEN	AP000822.3	94501	RP11
32942	31790706	RP11-678L3	Y	11	3	fin	RIKEN	AP000824.5	186915	RP11
32943	28189508	RP11-709H4	Y	11	3	fin	RIKEN	AP000826.5	167660	RP11
32944	31790743	RP11-716D19	Y	11	3	fin	RIKEN	AP000827.6	168579	RP11
32945	31745080	RP11-730K20	Y	11	3	fin	RIKEN	AP000828.4	61993	RP11
32949	32188047	RP11-680F20	Y	11	3	fin	RIKEN	AP000842.6	179848	RP11
32950	32188044	RP11-684N3	Y	11	3	fin	RIKEN	AP000843.5	191204	RP11
32951	18307721	RP11-697E14	Y	11	3	fin	RIKEN	AP000844.4	199079	RP11
32953	31790708	RP11-775D16	Y	11	3	fin	RIKEN	AP000848.5	186965	RP11
32954	15320460	RP11-804L21	Y	11	3	fin	RIKEN	AP000850.4	48539	RP11
32955	13488770	RP11-817J15	Y	11	3	fin	RIKEN	AP000851.4	172981	RP11
32956	14861102	RP11-851M3	Y	11	3	fin	RIKEN	AP000852.4	166277	RP11
32963	15320462	RP11-677M14	Y	11	3	fin	RIKEN	AP000866.4	187960	RP11
32964	21623946	RP11-684B2	Y	11	3	fin	RIKEN	AP000867.5	199999	RP11
32965	15320463	RP11-688B18	Y	11	3	fin	RIKEN	AP000868.4	181589	RP11
32966	31790709	RP11-697H10	Y	11	3	fin	RIKEN	AP000870.5	179339	RP11
32967	31790758	RP11-709J7	Y	11	3	fin	RIKEN	AP000871.7	199118	RP11
32968	14189746	RP11-727A20	Y	11	3	fin	RIKEN	AP000872.5	157330	RP11
32969	28189509	RP11-727A23	Y	11	3	fin	RIKEN	AP000873.5	174905	RP11
32971	17425225	RP11-805J14	Y	11	3	fin	RIKEN	AP000879.4	169725	RP11
32972	13359381	RP11-839D17	Y	11	3	fin	RIKEN	AP000880.4	171853	RP11
32978	13359359	RP11-659G9	Y	11	3	fin	RIKEN	AP000893.5	198024	RP11
32981	13094223	RP11-686G14	Y	11	3	fin	RIKEN	AP000901.5	205903	RP11
32983	19879810	RP11-700I2	Y	11	3	fin	RIKEN	AP000903.6	119082	RP11
32984	31790744	RP11-702B10	Y	11	3	fin	RIKEN	AP000904.6	175904	RP11
32985	31790745	RP11-708L7	Y	11	3	fin	RIKEN	AP000907.6	176273	RP11
32986	14861109	RP11-711K22	Y	11	3	fin	RIKEN	AP000908.4	149132	RP11
32987	16751477	RP11-713P17	Y	11	3	fin	RIKEN	AP000911.5	185957	RP11
32989	28189528	RP11-728D14	Y	11	3	fin	RIKEN	AP000916.6	192926	RP11
32991	19263020	RP11-740D6	Y	11	3	fin	RIKEN	AP000920.4	114349	RP11
32992	13810526	RP11-752D5	Y	11	3	fin	RIKEN	AP000923.5	170973	RP11
32993	31790759	RP11-758F15	Y	11	3	fin	RIKEN	AP000924.7	172274	RP11
32994	31790746	RP11-759M17	Y	11	3	fin	RIKEN	AP000925.6	177831	RP11
32995	31790747	RP11-762B21	Y	11	3	fin	RIKEN	AP000926.6	196972	RP11
32996	31790748	RP11-778B17	Y	11	3	fin	RIKEN	AP000929.6	197195	RP11
32997	28189510	RP11-784A24	Y	11	3	fin	RIKEN	AP000930.5	7057	RP11
32998	14861110	RP11-823O21	Y	11	3	fin	RIKEN	AP000936.7	219017	RP11
33000	28189529	RP11-861M13	Y	11	3	fin	RIKEN	AP000941.6	199321	RP11
33001	31790749	RP11-864G5	Y	11	3	fin	RIKEN	AP000942.6	185984	RP11
33002	32306468	RP11-867G2	Y	11	3	fin	RIKEN	AP000943.5	192299	RP11
33003	29565549	RP11-867O8	Y	11	3	fin	RIKEN	AP000944.4	219246	RP11
33027	14517580	RP11-700A24	Y	11	3	fin	RIKEN	AP000974.5	94359	RP11
33028	14517581	RP11-730K11	Y	11	3	fin	RIKEN	AP000977.4	187080	RP11
33031	31790750	RP11-667I23	Y	11	3	fin	RIKEN	AP000999.6	189892	RP11
33032	31790710	RP11-676M6	Y	11	3	fin	RIKEN	AP001000.5	204955	RP11
33033	31790711	RP11-677I18	Y	11	3	fin	RIKEN	AP001001.5	182429	RP11
33034	14189748	RP11-678K21	Y	11	3	fin	RIKEN	AP001002.4	164380	RP11
33038	31790712	RP11-687M24	Y	11	3	fin	RIKEN	AP001007.5	203840	RP11
33044	31790713	RP11-817I5	Y	11	3	fin	RIKEN	AP001023.5	199197	RP11
33045	32400666	RP11-832N8	Y	11	3	fin	RIKEN	AP001024.6	183444	RP11
33051	16751479	RP11-729B4	Y	11	3	fin	RIKEN	AP001034.5	167934	RP11
33087	16751480	RP11-632K5	Y	11	3	fin	RIKEN	AP001085.5	175747	RP11
33090	29565550	RP11-727K3	Y	11	3	fin	RIKEN	AP001092.5	160739	RP11
33091	15320466	RP11-774L13	Y	11	3	fin	RIKEN	AP001093.5	91073	RP11
33095	14189749	RP11-680L20	Y	11	3	fin	RIKEN	AP001102.5	72000	RP11
33096	15637084	RP11-755I3	Y	11	3	fin	RIKEN	AP001104.4	179727	RP11
33097	17939943	RP11-867G23	Y	11	3	fin	RIKEN	AP001107.5	196662	RP11
33104	31790715	RP11-744N12	Y	11	3	fin	RIKEN	AP001122.5	217393	RP11
33105	14189750	RP11-775A1	Y	11	3	fin	RIKEN	AP001124.4	90354	RP11
33106	14189768	RP11-712D22	Y	11	3	fin	RIKEN	AP001132.4	170371	RP11
33110	14189778	RP11-762L8	Y	11	3	fin	RIKEN	AP001148.4	169340	RP11
33111	28189512	RP11-778O17	Y	11	3	fin	RIKEN	AP001150.5	157282	RP11
33112	14517583	RP11-856F16	Y	11	3	fin	RIKEN	AP001152.4	91200	RP11
33113	31790716	RP11-886D15	Y	11	3	fin	RIKEN	AP001153.5	172487	RP11
33114	19879811	RP11-658F2	Y	11	3	fin	RIKEN	AP001157.4	200458	RP11
33115	20334319	RP11-727F15	Y	11	3	fin	RIKEN	AP001160.4	184802	RP11
33117	14189779	RP11-890D8	Y	11	3	fin	RIKEN	AP001167.4	39970	RP11
33122	12657623	RP11-816L8	Y	11	3	fin	RIKEN	AP001179.4	221198	RP11
33125	32188049	RP11-679I18	Y	11	3	fin	RIKEN	AP001183.6	174527	RP11
33126	20334320	RP11-715F10	Y	11	3	fin	RIKEN	AP001184.4	120186	RP11
33127	31790718	RP11-665N17	Y	11	3	fin	RIKEN	AP001187.5	171793	RP11
33128	28189513	RP11-672A2	Y	11	3	fin	RIKEN	AP001189.5	186389	RP11
33130	21327924	RP11-821O7	Y	11	3	fin	RIKEN	AP001201.7	182547	RP11
33140	14517586	RP11-735A19	Y	11	3	fin	RIKEN	AP001264.4	74520	RP11
33141	21728145	RP11-770G2	Y	11	3	fin	RIKEN	AP001266.4	175872	RP11
33142	17425228	RP11-770J1	Y	11	3	fin	RIKEN	AP001267.4	194310	RP11
33144	15320468	RP11-826F13	Y	11	3	fin	RIKEN	AP001271.4	210402	RP11
33145	17425229	RP11-836D15	Y	11	3	fin	RIKEN	AP001273.4	58000	RP11
33146	31790719	RP11-840J5	Y	11	3	fin	RIKEN	AP001274.5	210282	RP11
33147	15320469	RP11-819M15	Y	11	3	fin	RIKEN	AP001282.4	165258	RP11
33148	28189531	RP11-885L14	Y	11	3	fin	RIKEN	AP001284.6	153591	RP11
33149	31790720	RP11-684B20	Y	11	3	fin	RIKEN	AP001317.5	166459	RP11
33150	25137529	RP11-712L6	Y	11	3	fin	RIKEN	AP001318.6	159565	RP11
33151	18307724	RP11-864N7	Y	11	3	fin	RIKEN	AP001324.4	230157	RP11
33164	14189751	RP11-820L6	Y	11	3	fin	RIKEN	AP001359.4	221535	RP11
33165	28189514	RP11-831A10	Y	11	3	fin	RIKEN	AP001360.5	190766	RP11
33166	21327925	RP11-856B14	Y	11	3	fin	RIKEN	AP001362.5	211382	RP11
33167	19879812	RP11-864I4	Y	11	3	fin	RIKEN	AP001363.4	58001	RP11
33168	20334323	RP11-702H23	Y	11	3	fin	RIKEN	AP001372.4	120700	RP11
33169	31790722	RP11-775E2	Y	11	3	fin	RIKEN	AP001376.5	181300	RP11
33195	31790751	RP11-783K16	Y	11	3	fin	RIKEN	AP001453.6	166356	RP11
33196	29243389	RP11-831H9	Y	11	3	fin	RIKEN	AP001458.6	177433	RP11
33197	31790638	RP11-869B15	Y	11	3	fin	RIKEN	AP001462.3	106886	RP11
33214	31790723	RP11-681H10	Y	11	3	fin	RIKEN	AP001485.5	158577	RP11
33215	31790724	RP11-690D19	Y	11	3	fin	RIKEN	AP001486.5	169203	RP11
33216	14625382	RP11-791J7	Y	11	3	fin	RIKEN	AP001494.4	67024	RP11
33220	13094212	RP11-644A8	Y	11	3	fin	RIKEN	AP001521.4	179098	RP11
33221	15320470	RP11-702P11	Y	11	3	fin	RIKEN	AP001524.4	150847	RP11
33223	31790725	RP11-732A21	Y	11	3	fin	RIKEN	AP001527.5	167305	RP11
33224	14517587	RP11-736K20	Y	11	3	fin	RIKEN	AP001528.4	155523	RP11
33226	14245763	RP11-788M5	Y	11	3	fin	RIKEN	AP001533.4	207183	RP11
33229	13429924	RP11-683O4	Y	11	3	fin	RIKEN	AP001541.4	212884	RP11
33231	14625383	RP11-802F5	Y	11	3	fin	RIKEN	AP001547.4	144493	RP11
33232	28189532	RP11-35P15	Y	11	3	fin	RIKEN	AP001554.6	171747	RP11
33233	13094224	RP11-732G1	Y	11	3	fin	RIKEN	AP001561.4	195800	RP11
33237	17425231	RP11-215H18	Y	11	3	fin	RIKEN	AP001582.4	90256	RP11
33238	29243384	RP11-838I13	Y	11	3	fin	RIKEN	AP001591.5	178982	RP11
33279	17425232	RP11-142C4	Y	11	3	fin	RIKEN	AP001636.4	161582	RP11
33280	14189769	RP11-685B24	Y	11	3	fin	RIKEN	AP001642.4	72000	RP11
33281	28189515	RP11-718B12	Y	11	3	fin	RIKEN	AP001646.5	182329	RP11
33282	15320471	RP11-736L3	Y	11	3	fin	RIKEN	AP001648.4	166013	RP11
33283	13810527	RP11-780O24	Y	11	3	fin	RIKEN	AP001652.4	169560	RP11
33284	28189516	RP11-113K21	Y	11	3	fin	RIKEN	AP001767.5	154312	RP11
33285	13359362	RP11-27I22	Y	11	3	fin	RIKEN	AP001770.4	73589	RP11
33286	16751482	RP11-700F16	Y	11	3	fin	RIKEN	AP001775.4	117345	RP11
33287	31790726	RP11-108O10	Y	11	3	fin	RIKEN	AP001781.5	181022	RP11
33288	14625384	RP11-109E10	Y	11	3	fin	RIKEN	AP001782.4	169313	RP11
33289	14517588	RP11-115C10	Y	11	3	fin	RIKEN	AP001783.4	84248	RP11
33290	21728150	RP11-137O10	Y	11	3	fin	RIKEN	AP001784.5	112800	RP11
33291	13488756	RP11-176J24	Y	11	3	fin	RIKEN	AP001786.4	171744	RP11
33292	19263024	RP11-259D17	Y	11	3	fin	RIKEN	AP001788.5	188250	RP11
33293	14861112	RP11-338H14	Y	11	3	fin	RIKEN	AP001790.4	175731	RP11
33294	17425233	RP11-427G12	Y	11	3	fin	RIKEN	AP001791.4	140000	RP11
33296	13488757	RP11-100N3	Y	11	3	fin	RIKEN	AP001803.4	159372	RP11
33297	31745089	RP11-164A10	Y	11	3	fin	RIKEN	AP001804.5	166302	RP11
33298	14575808	RP11-97D10	Y	11	3	fin	RIKEN	AP001815.4	167653	RP11
33306	32306471	RP11-236L10	Y	11	3	fin	RIKEN	AP001827.6	167639	RP11
33307	25137532	RP11-243E18	Y	11	3	fin	RIKEN	AP001828.5	137384	RP11
33308	14625385	RP11-254C5	Y	11	3	fin	RIKEN	AP001829.4	117291	RP11
33309	31790728	RP11-315O6	Y	11	3	fin	RIKEN	AP001830.5	214483	RP11
33310	14625386	RP11-317J19	Y	11	3	fin	RIKEN	AP001831.5	185919	RP11
33311	14189770	RP11-668M17	Y	11	3	fin	RIKEN	AP001835.4	204939	RP11
33312	31790675	RP11-693I21	Y	11	3	fin	RIKEN	AP001836.4	145782	RP11
33313	14189771	RP11-718B20	Y	11	3	fin	RIKEN	AP001838.4	211652	RP11
33314	15320474	RP11-892C3	Y	11	3	fin	RIKEN	AP001855.4	72651	RP11
33315	14245764	RP11-959F10	Y	11	3	fin	RIKEN	AP001858.4	210723	RP11
33324	16751485	RP11-106E8	Y	11	3	fin	RIKEN	AP001881.4	149100	RP11
33325	31790752	RP11-140O23	Y	11	3	fin	RIKEN	AP001883.6	143621	RP11
33326	14625387	RP11-148F13	Y	11	3	fin	RIKEN	AP001884.4	160492	RP11
33327	28189490	RP11-157K17	Y	11	3	fin	RIKEN	AP001885.4	173052	RP11
33328	15320476	RP11-300I6	Y	11	3	fin	RIKEN	AP001888.4	161505	RP11
33329	31790730	RP11-344L21	Y	11	3	fin	RIKEN	AP001889.5	186656	RP11
33330	15320477	RP11-356E17	Y	11	3	fin	RIKEN	AP001891.4	210691	RP11
33331	13488760	RP11-49M9	Y	11	3	fin	RIKEN	AP001892.4	144308	RP11
33332	31790731	RP11-50B3	Y	11	3	fin	RIKEN	AP001893.5	157702	RP11
33333	14517590	RP11-606E8	Y	11	3	fin	RIKEN	AP001894.4	151452	RP11
33335	28189518	RP11-166D19	Y	11	3	fin	RIKEN	AP001924.5	190360	RP11
33336	31790732	RP11-241D13	Y	11	3	fin	RIKEN	AP001925.5	180163	RP11
33337	28189519	RP11-640N11	Y	11	3	fin	RIKEN	AP001929.5	161547	RP11
33338	13094225	RP11-669L23	Y	11	3	fin	RIKEN	AP001930.4	167117	RP11
33339	21218128	RP11-691N7	Y	11	3	fin	RIKEN	AP001931.5	110116	RP11
33347	14861113	RP11-102C15	Y	11	3	fin	RIKEN	AP001973.4	24833	RP11
33348	14189772	RP11-248G21	Y	11	3	fin	RIKEN	AP001977.4	156957	RP11
33349	28189520	RP11-258O13	Y	11	3	fin	RIKEN	AP001978.5	161602	RP11
33350	32306472	RP11-259P6	Y	11	3	fin	RIKEN	AP001979.7	147533	RP11
33351	31790753	RP11-264L21	Y	11	3	fin	RIKEN	AP001980.6	151939	RP11
33352	31790754	RP11-361A21	Y	11	3	fin	RIKEN	AP001981.6	183481	RP11
33353	17425236	RP11-344F5	Y	11	3	fin	RIKEN	AP001982.4	137996	RP11
33354	17425237	RP11-597K9	Y	11	3	fin	RIKEN	AP001984.4	62000	RP11
33355	31790733	RP11-648J7	Y	11	3	fin	RIKEN	AP001985.5	161972	RP11
33356	19263025	RP11-68H20	Y	11	3	fin	RIKEN	AP001986.4	74996	RP11
33357	31790734	RP11-76A17	Y	11	3	fin	RIKEN	AP001988.5	141796	RP11
33358	15637087	RP11-147I3	Y	11	3	fin	RIKEN	AP001992.4	169454	RP11
33359	32188045	RP11-168K9	Y	11	3	fin	RIKEN	AP001993.5	147402	RP11
33360	13429917	RP11-215D10	Y	11	3	fin	RIKEN	AP001994.4	167376	RP11
33361	15320479	RP11-264E20	Y	11	3	fin	RIKEN	AP001995.4	96071	RP11
33362	14245759	RP11-367C21	Y	11	3	fin	RIKEN	AP001998.4	161529	RP11
33363	19263026	RP11-469N6	Y	11	3	fin	RIKEN	AP001999.4	172504	RP11
33364	31790735	RP11-680E19	Y	11	3	fin	RIKEN	AP002001.5	149253	RP11
33365	14625389	RP11-692F4	Y	11	3	fin	RIKEN	AP002002.4	112270	RP11
33366	13359364	RP11-693N9	Y	11	3	fin	RIKEN	AP002004.4	172081	RP11
33367	31790755	RP11-723C19	Y	11	3	fin	RIKEN	AP002006.6	167355	RP11
33368	13359384	RP11-762O23	Y	11	3	fin	RIKEN	AP002007.4	168922	RP11
33369	13094226	RP11-794P6	Y	11	3	fin	RIKEN	AP002008.5	194973	RP11
33385	18307725	RP11-1036E20	Y	11	3	fin	RIKEN	AP002358.3	190904	RP11
33386	13094216	RP11-111M22	Y	11	3	fin	RIKEN	AP002360.4	173379	RP11
33387	28189492	RP11-121L10	Y	11	3	fin	RIKEN	AP002364.4	165703	RP11
33388	17939948	RP11-142I2	Y	11	3	fin	RIKEN	AP002365.3	33615	RP11
33389	21728152	RP11-142N13	Y	11	3	fin	RIKEN	AP002366.4	198720	RP11
33390	32188046	RP11-160H12	Y	11	3	fin	RIKEN	AP002370.5	174697	RP11
33391	14245761	RP11-183A22	Y	11	3	fin	RIKEN	AP002371.3	159441	RP11
33392	31790677	RP11-203C2	Y	11	3	fin	RIKEN	AP002372.4	145255	RP11
33393	17425239	RP11-212D19	Y	11	3	fin	RIKEN	AP002373.3	138197	RP11
33394	32306463	RP11-349I16	Y	11	3	fin	RIKEN	AP002376.4	161406	RP11
33395	31745081	RP11-351D3	Y	11	3	fin	RIKEN	AP002378.4	177432	RP11
33396	31790678	RP11-463F4	Y	11	3	fin	RIKEN	AP002379.4	215986	RP11
33397	28189480	RP11-467L20	Y	11	3	fin	RIKEN	AP002380.3	188788	RP11
33398	19263028	RP11-475M20	Y	11	3	fin	RIKEN	AP002381.3	203868	RP11
33399	14517593	RP11-60C6	Y	11	3	fin	RIKEN	AP002383.3	170142	RP11
33400	28189493	RP11-660L16	Y	11	3	fin	RIKEN	AP002387.4	170523	RP11
33401	14189773	RP11-691F15	Y	11	3	fin	RIKEN	AP002392.3	169212	RP11
33402	14575591	RP11-745I13	Y	11	3	fin	RIKEN	AP002404.2	53269	RP11
33403	14717411	RP11-767M8	Y	11	3	fin	RIKEN	AP002407.3	176292	RP11
33406	31790679	RP11-90I16	Y	11	3	fin	RIKEN	AP002427.4	154159	RP11
33407	14190784	RP11-99C10	Y	11	3	fin	RIKEN	AP002428.3	175110	RP11
33408	31790736	RP11-144G7	Y	11	3	fin	RIKEN	AP002433.5	165164	RP11
33409	31790680	RP11-627G1	Y	11	3	fin	RIKEN	AP002436.4	173509	RP11
33411	15637089	RP11-262A12	Y	11	3	fin	RIKEN	AP002444.4	174558	RP11
33412	13094227	RP11-76P21	Y	11	3	fin	RIKEN	AP002448.3	177236	RP11
33414	32440972	RP11-792P2	Y	11	3	fin	RIKEN	AP002451.5	50359	RP11
33415	31790682	RP11-801G16	Y	11	3	fin	RIKEN	AP002453.4	211345	RP11
33416	17425240	RP11-93M11	Y	11	3	fin	RIKEN	AP002455.4	64000	RP11
33417	14245766	RP11-956A8	Y	11	3	fin	RIKEN	AP002456.3	114109	RP11
33418	14517594	RP11-266E8	Y	11	3	fin	RIKEN	AP002469.3	158977	RP11
33421	15637090	RP11-849H4	Y	11	3	fin	RIKEN	AP002490.4	191986	RP11
33426	31790737	RP11-107P10	Y	11	3	fin	RIKEN	AP002499.5	176429	RP11
33432	17939950	RP11-116P9	Y	11	3	fin	RIKEN	AP002517.3	173251	RP11
33433	16751487	RP11-64D24	Y	11	3	fin	RIKEN	AP002518.3	164795	RP11
33434	17425241	RP11-705O3	Y	11	3	fin	RIKEN	AP002520.3	66000	RP11
33436	13429925	RP11-682K9	Y	11	3	fin	RIKEN	AP002751.3	197847	RP11
33437	29243385	RP11-855O10	Y	11	3	fin	RIKEN	AP002754.5	185766	RP11
33438	20334329	RP11-635F12	Y	11	3	fin	RIKEN	AP002755.2	111328	RP11
33439	13488762	RP11-686G23	Y	11	3	fin	RIKEN	AP002759.3	177933	RP11
33440	28189496	RP11-795E18	Y	11	3	fin	RIKEN	AP002760.4	211673	RP11
33441	21728155	RP11-800A3	Y	11	3	fin	RIKEN	AP002761.3	196988	RP11
33442	28189497	RP11-811I7	Y	11	3	fin	RIKEN	AP002762.4	189993	RP11
33443	16751488	RP11-634B22	Y	11	3	fin	RIKEN	AP002765.3	178169	RP11
33444	13429926	RP11-673F18	Y	11	3	fin	RIKEN	AP002768.3	186084	RP11
33445	20334330	RP11-707G14	Y	11	3	fin	RIKEN	AP002770.3	192961	RP11
33446	17939951	RP11-630P1	Y	11	3	fin	RIKEN	AP002774.3	143590	RP11
33447	28189481	RP11-126P21	Y	11	3	fin	RIKEN	AP002776.3	31424	RP11
33448	31790683	RP11-640G3	Y	11	3	fin	RIKEN	AP002777.4	169515	RP11
33449	15637091	RP11-643C11	Y	11	3	fin	RIKEN	AP002778.3	160242	RP11
33450	19263030	RP11-648G9	Y	11	3	fin	RIKEN	AP002780.3	73990	RP11
33451	14189774	RP11-660M18	Y	11	3	fin	RIKEN	AP002782.3	153078	RP11
33452	17425243	RP11-664H7	Y	11	3	fin	RIKEN	AP002783.3	167026	RP11
33453	32306464	RP11-680H20	Y	11	3	fin	RIKEN	AP002784.4	179051	RP11
33454	13429927	RP11-347E10	Y	11	3	fin	RIKEN	AP002788.3	174311	RP11
33455	15320481	RP11-716L7	Y	11	3	fin	RIKEN	AP002789.3	90000	RP11
33456	14190785	RP11-843F11	Y	11	3	fin	RIKEN	AP002791.3	172914	RP11
33457	14625393	RP11-691L4	Y	11	3	fin	RIKEN	AP002793.4	181140	RP11
33458	15320482	RP11-715G18	Y	11	3	fin	RIKEN	AP002795.3	165240	RP11
33459	13810528	RP11-742N3	Y	11	3	fin	RIKEN	AP002796.3	93845	RP11
33460	13488767	RP11-779P3	Y	11	3	fin	RIKEN	AP002797.3	185316	RP11
33461	14517627	RP11-806N19	Y	11	3	fin	RIKEN	AP002799.3	177564	RP11
33462	28189498	RP11-832A4	Y	11	3	fin	RIKEN	AP002800.4	215441	RP11
33463	13540829	RP11-875G18	Y	11	3	fin	RIKEN	AP002801.3	218651	RP11
33464	13429995	RP11-876F14	Y	11	3	fin	RIKEN	AP002802.3	205594	RP11
33465	15320483	RP11-882I15	Y	11	3	fin	RIKEN	AP002803.3	125000	RP11
33466	14861116	RP11-721F8	Y	11	3	fin	RIKEN	AP002806.3	161871	RP11
33467	18307726	RP11-802E16	Y	11	3	fin	RIKEN	AP002807.3	63433	RP11
33468	13094232	RP11-852N2	Y	11	3	fin	RIKEN	AP002810.3	191909	RP11
33469	14189780	RP11-91P24	Y	11	3	fin	RIKEN	AP002812.3	169250	RP11
33470	31790684	RP11-856M9	Y	11	3	fin	RIKEN	AP002813.4	187516	RP11
33471	31790685	RP11-882G5	Y	11	3	fin	RIKEN	AP002814.4	167198	RP11
33474	14189754	RP11-641I15	Y	11	3	fin	RIKEN	AP002829.3	182389	RP11
33475	15320485	RP11-651F18	Y	11	3	fin	RIKEN	AP002832.3	117898	RP11
33476	14861117	RP11-688I9	Y	11	3	fin	RIKEN	AP002833.3	175562	RP11
33477	40736960	RP11-159N11	Y	11	3	fin	RIKEN	AP002840.3	177031	RP11
33478	31790639	RP11-239P2	Y	11	3	fin	RIKEN	AP002841.3	176485	RP11
33479	31790686	RP11-46K15	Y	11	3	fin	RIKEN	AP002853.4	177463	RP11
33480	28189499	RP11-816H13	Y	11	3	fin	RIKEN	AP002856.4	227942	RP11
33481	15320486	RP11-685I24	Y	11	3	fin	RIKEN	AP002878.3	108000	RP11
33482	31790739	RP11-356J5	Y	11	3	fin	RIKEN	AP002884.5	165678	RP11
33483	17939952	RP11-1133J7	Y	11	3	fin	RIKEN	AP002886.3	168406	RP11
33484	18307727	RP11-45F15	Y	11	3	fin	RIKEN	AP002892.3	35001	RP11
33485	19879819	RP11-624G17	Y	11	3	fin	RIKEN	AP002893.3	178000	RP11
33488	22255355	RP11-1105H9	Y	11	3	fin	RIKEN	AP002956.1	219574	RP11
33490	15320490	RP11-16H7	Y	11	3	fin	RIKEN	AP002958.2	72000	RP11
33491	16751490	RP11-158K18	Y	11	3	fin	RIKEN	AP002959.2	179604	RP11
33492	14861118	RP11-187P2	Y	11	3	fin	RIKEN	AP002960.2	83000	RP11
33493	15320491	RP11-2I22	Y	11	3	fin	RIKEN	AP002961.2	157903	RP11
33494	15637092	RP11-652L8	Y	11	3	fin	RIKEN	AP002962.2	160222	RP11
33495	31790640	RP11-97I14	Y	11	3	fin	RIKEN	AP002963.3	183204	RP11
33496	17425245	RP11-114K7	Y	11	3	fin	RIKEN	AP002964.2	127508	RP11
33497	28189482	RP11-299I2	Y	11	3	fin	RIKEN	AP002965.3	150481	RP11
33498	16751491	RP11-648O15	Y	11	3	fin	RIKEN	AP002967.2	187568	RP11
33501	19263031	RP11-121M22	Y	11	3	fin	RIKEN	AP002986.2	157963	RP11
33502	31790642	RP11-428C14	Y	11	3	fin	RIKEN	AP002987.3	166893	RP11
33503	15320493	RP11-449K13	Y	11	3	fin	RIKEN	AP002988.2	105000	RP11
33504	17425247	RP11-475J2	Y	11	3	fin	RIKEN	AP002989.2	107893	RP11
33505	19263032	RP11-838H22	Y	11	3	fin	RIKEN	AP002990.2	53000	RP11
33508	21623977	RP11-456I15	Y	11	3	fin	RIKEN	AP002993.3	154839	RP11
33510	17425248	RP11-217L21	Y	11	3	fin	RIKEN	AP003025.2	193828	RP11
33511	14861119	RP11-21N9	Y	11	3	fin	RIKEN	AP003026.2	104802	RP11
33512	32306459	RP11-25I9	Y	11	3	fin	RIKEN	AP003027.3	167067	RP11
33513	14625394	RP11-446B2	Y	11	3	fin	RIKEN	AP003028.2	176320	RP11
33515	17939953	RP11-535A19	Y	11	3	fin	RIKEN	AP003031.3	95585	RP11
33516	15320495	RP11-7I15	Y	11	3	fin	RIKEN	AP003032.2	92358	RP11
33518	17425249	RP11-347E24	Y	11	3	fin	RIKEN	AP003034.2	158780	RP11
33519	14861120	RP11-482L11	Y	11	3	fin	RIKEN	AP003035.2	170638	RP11
33520	14717409	RP11-600E1	Y	11	3	fin	RIKEN	AP003036.2	55000	RP11
33523	28189484	RP11-116B3	Y	11	3	fin	RIKEN	AP003039.3	152252	RP11
33524	19879820	RP11-335F8	Y	11	3	fin	RIKEN	AP003040.2	80198	RP11
33525	22202826	RP11-567M21	Y	11	3	fin	RIKEN	AP003041.3	188172	RP11
33526	14625467	RP11-164B14	Y	11	3	fin	RIKEN	AP003042.2	111864	RP11
33527	15637094	RP11-617B3	Y	11	3	fin	RIKEN	AP003043.2	180648	RP11
33528	31790644	RP11-10A7	Y	11	3	fin	RIKEN	AP003049.3	117001	RP11
33529	28189500	RP11-410I24	Y	11	3	fin	RIKEN	AP003050.4	152715	RP11
33530	14625468	RP11-201M22	Y	11	3	fin	RIKEN	AP003055.2	83000	RP11
33531	17939954	RP11-372E19	Y	11	3	fin	RIKEN	AP003056.2	85000	RP11
33532	17939955	RP11-382M14	Y	11	3	fin	RIKEN	AP003057.2	190462	RP11
33533	14717410	RP11-736J8	Y	11	3	fin	RIKEN	AP003058.2	83000	RP11
33535	14625469	RP11-628J23	Y	11	3	fin	RIKEN	AP003060.2	165097	RP11
33536	31790645	RP11-100P11	Y	11	3	fin	RIKEN	AP003061.3	176129	RP11
33537	33589252	RP11-555G19	Y	11	3	fin	RIKEN	AP003062.3	171428	RP11
33538	31790646	RP11-65M17	Y	11	3	fin	RIKEN	AP003063.3	181208	RP11
33540	18307730	RP11-31L22	Y	11	3	fin	RIKEN	AP003065.2	190102	RP11
33541	31790647	RP11-360K13	Y	11	3	fin	RIKEN	AP003066.3	187688	RP11
33542	14517629	RP11-397P10	Y	11	3	fin	RIKEN	AP003067.2	190381	RP11
33543	31790648	RP11-399J13	Y	11	3	fin	RIKEN	AP003068.3	187934	RP11
33544	17425251	RP11-417F7	Y	11	3	fin	RIKEN	AP003069.2	171976	RP11
33545	28189485	RP11-4N9	Y	11	3	fin	RIKEN	AP003070.3	163905	RP11
33546	22202827	RP11-554A11	Y	11	3	fin	RIKEN	AP003071.3	191898	RP11
33547	19263036	RP11-573M3	Y	11	3	fin	RIKEN	AP003072.2	106000	RP11
33549	31790649	RP11-141E21	Y	11	3	fin	RIKEN	AP003079.3	166045	RP11
33550	31790650	RP11-223E3	Y	11	3	fin	RIKEN	AP003080.3	151349	RP11
33551	18307731	RP11-730C14	Y	11	3	fin	RIKEN	AP003081.2	29000	RP11
33552	31790651	RP11-746C14	Y	11	3	fin	RIKEN	AP003082.3	189635	RP11
33553	16751499	RP11-179B7	Y	11	3	fin	RIKEN	AP003083.2	161488	RP11
33554	18307732	RP11-320L11	Y	11	3	fin	RIKEN	AP003084.2	69000	RP11
33555	17425253	RP11-452H21	Y	11	3	fin	RIKEN	AP003086.2	145423	RP11
33556	17939957	RP11-594O14	Y	11	3	fin	RIKEN	AP003087.2	100403	RP11
33557	14517630	RP11-489O9	Y	11	3	fin	RIKEN	AP003093.2	75594	RP11
33558	17939958	RP11-659O1	Y	11	3	fin	RIKEN	AP003094.2	179724	RP11
33559	15320499	RP11-728G23	Y	11	3	fin	RIKEN	AP003095.2	33000	RP11
33561	15320500	RP11-12D16	Y	11	3	fin	RIKEN	AP003097.2	106773	RP11
33562	17425254	RP11-141D23	Y	11	3	fin	RIKEN	AP003098.2	183853	RP11
33563	31790653	RP11-27G22	Y	11	3	fin	RIKEN	AP003100.3	200276	RP11
33564	17939959	RP11-30J7	Y	11	3	fin	RIKEN	AP003101.2	157959	RP11
33565	16751500	RP11-386B1	Y	11	3	fin	RIKEN	AP003102.2	73529	RP11
33567	21728156	RP11-286N22	Y	11	3	fin	RIKEN	AP003108.3	209572	RP11
33568	17425256	RP11-604K5	Y	11	3	fin	RIKEN	AP003109.2	53609	RP11
33569	17425257	RP11-843A23	Y	11	3	fin	RIKEN	AP003110.2	142000	RP11
33570	17939960	RP11-21L23	Y	11	3	fin	RIKEN	AP003119.2	136000	RP11
33571	29243379	RP11-657K20	Y	11	3	fin	RIKEN	AP003120.4	189499	RP11
33573	15320502	RP11-313I2	Y	11	3	fin	RIKEN	AP003122.2	137888	RP11
33574	19263038	RP11-402K1	Y	11	3	fin	RIKEN	AP003123.2	187735	RP11
33575	29243356	RP11-447G14	Y	11	3	fin	RIKEN	AP003124.3	177483	RP11
33576	14861124	RP11-642E8	Y	11	3	fin	RIKEN	AP003125.2	180711	RP11
33577	31790654	RP11-684F2	Y	11	3	fin	RIKEN	AP003126.3	183583	RP11
33578	17939962	RP11-710G6	Y	11	3	fin	RIKEN	AP003127.2	161238	RP11
33579	14625470	RP11-90K17	Y	11	3	fin	RIKEN	AP003128.2	59000	RP11
33582	28872837	RP11-263C24	Y	11	3	fin	RIKEN	AP003168.3	122001	RP11
33583	16751503	RP11-588K15	Y	11	3	fin	RIKEN	AP003169.2	113000	RP11
33584	31790688	RP11-667M19	Y	11	3	fin	RIKEN	AP003170.4	178456	RP11
33585	16751504	RP11-676F20	Y	11	3	fin	RIKEN	AP003171.2	137000	RP11
33586	17939964	RP11-822D3	Y	11	3	fin	RIKEN	AP003172.2	33994	RP11
33588	17425259	RP11-136I14	Y	11	3	fin	RIKEN	AP003174.2	170156	RP11
33589	16751505	RP11-158C6	Y	11	3	fin	RIKEN	AP003175.2	81000	RP11
33590	20334337	RP11-15L8	Y	11	3	fin	RIKEN	AP003176.2	182769	RP11
33591	14861125	RP11-314C6	Y	11	3	fin	RIKEN	AP003177.2	171621	RP11
33592	19263039	RP11-713B9	Y	11	3	fin	RIKEN	AP003179.2	112998	RP11
33593	19263040	RP11-94P11	Y	11	3	fin	RIKEN	AP003181.2	165611	RP11
33594	17939965	RP11-104B12	Y	11	3	fin	RIKEN	AP003304.2	182218	RP11
33595	15637097	RP11-667E8	Y	11	3	fin	RIKEN	AP003305.2	134764	RP11
33596	20334338	RP11-703H8	Y	11	3	fin	RIKEN	AP003306.2	173348	RP11
33597	31790656	RP11-95J9	Y	11	3	fin	RIKEN	AP003307.3	168559	RP11
33599	31790657	RP11-507F16	Y	11	3	fin	RIKEN	AP003327.3	188040	RP11
33601	17939966	RP11-21G19	Y	11	3	fin	RIKEN	AP003383.2	157533	RP11
33602	31790658	RP11-35N19	Y	11	3	fin	RIKEN	AP003384.3	156712	RP11
33603	20334339	RP11-655M14	Y	11	3	fin	RIKEN	AP003385.2	174074	RP11
33604	15320506	RP11-699F16	Y	11	3	fin	RIKEN	AP003386.2	72000	RP11
33605	32306461	RP11-700F9	Y	11	3	fin	RIKEN	AP003387.3	185017	RP11
33606	15320507	RP11-768C19	Y	11	3	fin	RIKEN	AP003388.2	46441	RP11
33609	22760187	RP11-110I1	Y	11	3	fin	RIKEN	AP003392.2	178341	RP11
33610	20302475	RP11-196E1	Y	11	3	fin	RIKEN	AP003393.1	174303	RP11
33611	20302476	RP11-278J24	Y	11	3	fin	RIKEN	AP003394.1	164778	RP11
33612	20302477	RP11-305N23	Y	11	3	fin	RIKEN	AP003395.1	205596	RP11
33613	20302607	RP11-334E6	Y	11	3	fin	RIKEN	AP003396.1	191362	RP11
33614	17939967	RP11-1007G5	Y	11	3	fin	RIKEN	AP003397.2	184643	RP11
33615	15637098	RP11-170L9	Y	11	3	fin	RIKEN	AP003398.2	156829	RP11
33616	19879821	RP11-448N3	Y	11	3	fin	RIKEN	AP003399.2	68801	RP11
33617	15320508	RP11-643G5	Y	11	3	fin	RIKEN	AP003400.2	135637	RP11
33618	19263044	RP11-782L18	Y	11	3	fin	RIKEN	AP003401.2	20000	RP11
33619	31790659	RP11-661I21	Y	11	3	fin	RIKEN	AP003402.3	187946	RP11
33620	31790660	RP11-750J5	Y	11	3	fin	RIKEN	AP003403.3	183902	RP11
33622	15320509	RP11-614K12	Y	11	3	fin	RIKEN	AP003420.2	160945	RP11
33623	28872838	RP11-951E24	Y	11	3	fin	RIKEN	AP003421.3	114999	RP11
33624	16751507	RP11-682A1	Y	11	3	fin	RIKEN	AP003440.2	90492	RP11
33625	31790662	RP11-781E6	Y	11	3	fin	RIKEN	AP003441.3	199495	RP11
33626	19263045	RP11-211H5	Y	11	3	fin	RIKEN	AP003459.2	28000	RP11
33627	31790663	RP11-285P16	Y	11	3	fin	RIKEN	AP003460.3	171738	RP11
33628	16751509	RP11-37O16	Y	11	3	fin	RIKEN	AP003461.2	74640	RP11
33629	17939969	RP11-480C22	Y	11	3	fin	RIKEN	AP003462.2	190032	RP11
33630	16751510	RP11-651D13	Y	11	3	fin	RIKEN	AP003463.2	91059	RP11
33631	14861130	RP11-768K4	Y	11	3	fin	RIKEN	AP003464.2	148000	RP11
33632	17425262	RP11-11E12	Y	11	3	fin	RIKEN	AP003481.2	138317	RP11
33633	19263046	RP11-734C14	Y	11	3	fin	RIKEN	AP003484.2	206750	RP11
33634	28872839	RP11-739P6	Y	11	3	fin	RIKEN	AP003485.3	166840	RP11
33635	31790664	RP11-890B15	Y	11	3	fin	RIKEN	AP003486.3	217479	RP11
33637	19263047	RP11-167J8	Y	11	3	fin	RIKEN	AP003498.2	120199	RP11
33638	16751525	RP11-178H8	Y	11	3	fin	RIKEN	AP003499.2	193227	RP11
33639	31745076	RP11-237N19	Y	11	3	fin	RIKEN	AP003500.3	161078	RP11
33640	19263048	RP11-664I21	Y	11	3	fin	RIKEN	AP003501.2	186971	RP11
33641	17425264	RP11-69K18	Y	11	3	fin	RIKEN	AP003502.2	93670	RP11
33642	17425265	RP11-86D13	Y	11	3	fin	RIKEN	AP003503.2	175454	RP11
33643	31745077	RP11-514H18	Y	11	3	fin	RIKEN	AP003530.3	205804	RP11
33644	20334341	RP11-535C12	Y	11	3	fin	RIKEN	AP003531.2	199384	RP11
33645	20334342	RP11-822P1	Y	11	3	fin	RIKEN	AP003532.2	204928	RP11
33646	28189461	RP11-21A7	Y	11	3	fin	RIKEN	AP003554.2	150474	RP11
33647	17426126	RP11-626H12	Y	11	3	fin	RIKEN	AP003555.2	121600	RP11
33648	17939970	RP11-655C2	Y	11	3	fin	RIKEN	AP003557.2	184280	RP11
33649	31790665	RP11-693A6	Y	11	3	fin	RIKEN	AP003558.3	182976	RP11
33650	31790666	RP11-794G24	Y	11	3	fin	RIKEN	AP003559.3	181439	RP11
33651	17939972	RP11-12O11	Y	11	3	fin	RIKEN	AP003678.2	153311	RP11
33652	17939975	RP11-634G3	Y	11	3	fin	RIKEN	AP003679.2	60000	RP11
33653	18307733	RP11-739B23	Y	11	3	fin	RIKEN	AP003680.2	49000	RP11
33654	16751526	RP11-115E19	Y	11	3	fin	RIKEN	AP003715.3	163728	RP11
33655	31790689	RP11-119D9	Y	11	3	fin	RIKEN	AP003716.4	165187	RP11
33656	20334343	RP11-167N4	Y	11	3	fin	RIKEN	AP003717.3	156370	RP11
33657	19879823	RP11-203F8	Y	11	3	fin	RIKEN	AP003718.3	85000	RP11
33658	17426127	RP11-25P2	Y	11	3	fin	RIKEN	AP003719.3	146724	RP11
33659	31790667	RP11-881M11	Y	11	3	fin	RIKEN	AP003721.3	201460	RP11
33660	32306462	RP11-126A9	Y	11	3	fin	RIKEN	AP003729.3	49870	RP11
33661	17939976	RP11-379J13	Y	11	3	fin	RIKEN	AP003730.3	226171	RP11
33662	15637101	RP11-677N11	Y	11	3	fin	RIKEN	AP003731.2	33560	RP11
33663	31790690	RP11-682D22	Y	11	3	fin	RIKEN	AP003732.4	193132	RP11
33664	31790740	RP11-810P12	Y	11	3	fin	RIKEN	AP003733.5	166867	RP11
33666	32306466	RP11-147G6	Y	11	3	fin	RIKEN	AP003774.4	166128	RP11
33667	18307735	RP11-206H19	Y	11	3	fin	RIKEN	AP003775.3	179680	RP11
33668	31790668	RP11-249I1	Y	11	3	fin	RIKEN	AP003777.3	173223	RP11
33669	18307736	RP11-384C21	Y	11	3	fin	RIKEN	AP003778.3	183146	RP11
33670	22415816	RP11-472L10	Y	11	3	fin	RIKEN	AP003780.3	122351	RP11
33671	31790669	RP11-49K4	Y	11	3	fin	RIKEN	AP003781.3	177748	RP11
33672	19263061	RP11-589G12	Y	11	3	fin	RIKEN	AP003782.2	180303	RP11
33673	31790691	RP11-598K3	Y	11	3	fin	RIKEN	AP003783.4	172763	RP11
33674	19263062	RP11-654C20	Y	11	3	fin	RIKEN	AP003784.2	153539	RP11
33675	17939977	RP11-7N14	Y	11	3	fin	RIKEN	AP003785.3	164354	RP11
33679	28189486	RP11-183G19	Y	11	3	fin	RIKEN	AP003967.3	172883	RP11
33680	17426131	RP11-755E23	Y	11	3	fin	RIKEN	AP003969.2	163000	RP11
33681	29243372	RP11-790I14	Y	11	3	fin	RIKEN	AP003970.3	168594	RP11
33682	19879824	RP11-850O8	Y	11	3	fin	RIKEN	AP003971.2	147440	RP11
33683	19263064	RP11-861E23	Y	11	3	fin	RIKEN	AP003972.2	181946	RP11
33684	31790670	RP11-89C3	Y	11	3	fin	RIKEN	AP003973.3	189099	RP11
33685	19263065	RP11-754H14	Y	11	3	fin	RIKEN	AP004146.2	78318	RP11
33686	28189487	RP11-785K22	Y	11	3	fin	RIKEN	AP004147.3	97120	RP11
33688	16751529	RP11-222B11	Y	11	3	fin	RIKEN	AP004241.2	152771	RP11
33689	16751530	RP11-288E14	Y	11	3	fin	RIKEN	AP004242.2	147000	RP11
33690	17939979	RP11-312N17	Y	11	3	fin	RIKEN	AP004243.2	167368	RP11
33691	18307739	RP11-59K5	Y	11	3	fin	RIKEN	AP004245.2	73640	RP11
33692	19263066	RP11-659P15	Y	11	3	fin	RIKEN	AP004247.2	203084	RP11
33693	19263067	RP11-709M17	Y	11	3	fin	RIKEN	AP004248.2	191071	RP11
33694	18307740	RP11-743I15	Y	11	3	fin	RIKEN	AP004249.2	191109	RP11
33695	19263068	RP11-77K9	Y	11	3	fin	RIKEN	AP004318.2	128885	RP11
33696	21623980	RP11-448P19	Y	11	3	fin	RIKEN	AP004369.3	158310	RP11
33697	20334347	RP11-512I24	Y	11	3	fin	RIKEN	AP004370.2	193212	RP11
33698	19263069	RP11-535N6	Y	11	3	fin	RIKEN	AP004371.2	180721	RP11
33699	31745078	RP11-651K21	Y	11	3	fin	RIKEN	AP004372.3	197360	RP11
33700	18307754	RP11-652L13	Y	11	3	fin	RIKEN	AP004373.2	96727	RP11
33702	19263072	RP11-167K18	Y	11	3	fin	RIKEN	AP004551.2	91093	RP11
33703	21623981	RP11-138O22	Y	11	3	fin	RIKEN	AP004606.4	173185	RP11
33704	32188043	RP11-529A4	Y	11	3	fin	RIKEN	AP004607.4	160683	RP11
33705	21623982	RP11-627G23	Y	11	3	fin	RIKEN	AP004608.4	65900	RP11
33706	22255360	RP11-158I9	Y	11	3	fin	RIKEN	AP004609.1	195409	RP11
33711	19879830	RP11-358N4	Y	11	3	fin	RIKEN	AP004833.2	75416	RP11
33712	21328198	RP11-66N10	Y	11	3	fin	RIKEN	AP004834.3	12020	RP11
33713	31790671	RP11-629D8	Y	11	3	fin	RIKEN	AP004835.3	134743	RP11
33726	21328199	RP11-419F8	Y	11	3	fin	RIKEN	AP005122.2	170006	RP11
33754	22202840	RP11-211G23	Y	11	3	fin	RIKEN	AP005233.3	157200	RP11
33765	22202845	RP11-754H12	Y	11	3	fin	RIKEN	AP005273.3	51915	RP11
33773	28189488	RP11-60H9	Y	11	3	fin	RIKEN	AP005401.3	75877	RP11
33779	31790693	RP11-721O19	Y	11	3	fin	RIKEN	AP005434.4	163308	RP11
33780	28189468	RP11-81M19	Y	11	3	fin	RIKEN	AP005435.2	66005	RP11
33781	21623844	RP11-164N3	Y	11	3	fin	RIKEN	AP005436.1	147520	RP11
33785	22415827	RP11-72M10	Y	11	3	fin	RIKEN	AP005597.2	163324	RP11
33787	22760189	RP11-131J4	Y	11	3	fin	RIKEN	AP005639.2	168302	RP11
33792	31790674	RP11-415G10	Y	11	3	fin	RIKEN	AP005718.3	186104	RP11
33823	28411650	RP11-176I21	Y	11	3	fin	RIKEN	AP006214.1	62000	RP11
33824	28411651	RP11-729P6	Y	11	3	fin	RIKEN	AP006215.1	189310	RP11
33825	28411652	RP11-87O6	Y	11	3	fin	RIKEN	AP006216.1	177334	RP11
33847	28812046	RP11-24F19	Y	11	3	fin	RIKEN	AP006258.1	174444	RP11
33848	28812047	RP11-5L12	Y	11	3	fin	RIKEN	AP006259.1	100293	RP11
33849	31790632	RP11-61G16	Y	11	3	fin	RIKEN	AP006260.2	163024	RP11
33853	31745074	RP11-11A9	Y	11	3	fin	RIKEN	AP006282.2	124765	RP11
33854	32490502	RP11-496I9	Y	11	3	fin	RIKEN	AP006284.2	104658	RP11
33856	29565546	RP11-1167A19	Y	11	3	fin	RIKEN	AP006287.2	208726	RP11
33857	29565547	RP11-128H22	Y	11	3	fin	RIKEN	AP006288.2	169259	RP11
33858	31790633	RP11-466C23	Y	11	3	fin	RIKEN	AP006289.2	166042	RP11
33865	29335764	RP11-137N23	Y	11	3	fin	RIKEN	AP006296.1	57462	RP11
33890	29467987	RP11-21A7	Y	11	3	fin	RIKEN	AP006333.1	118828	RP11
33891	29467988	RP11-21A7	Y	11	3	fin	RIKEN	AP006334.1	31646	RP11
33892	71891788	RP11-186D19	Y	11	3	fin	RIKEN	AP006345.4	150214	RP11
33893	31790635	RP11-674C21	Y	11	3	fin	RIKEN	AP006437.2	171400	RP11
33896	32490503	RP11-813O18	Y	11	3	fin	RIKEN	AP006462.2	98815	RP11
33897	32188041	RP11-847E17	Y	11	3	fin	RIKEN	AP006463.2	165857	RP11
33898	32526683	RP11-1335O1	Y	11	3	fin	RIKEN	AP006477.2	77332	RP11
33904	34740263	RP11-163O19	Y	11	3	fin	RIKEN	AP006587.1	172438	RP11
33907	37651322	RP11-1276E7	Y	11	3	fin	RIKEN	AP006622.1	114001	RP11
33908	37651323	RP11-1391J7	Y	11	3	fin	RIKEN	AP006623.1	121103	RP11
33911	40736936	RP11-17M1	Y	11	3	fin	RIKEN	AP006724.1	171460	RP11
33913	50251195	RP11-643C9	Y	11	3	fin	RIKEN	AP007216.1	100462	RP11
34874	464095136	RP11-1083I3	Y	11	3	fin	SC	FO680687.2	37898	RP11
